#
# A fatal error has been detected by the Java Runtime Environment:
#
#  EXCEPTION_ACCESS_VIOLATION (0xc0000005) at pc=0x000000007110b5db, pid=79992, tid=79156
#
# JRE version: OpenJDK Runtime Environment (11.0.2+9) (build 11.0.2+9)
# Java VM: OpenJDK 64-Bit Server VM (11.0.2+9, mixed mode, tiered, compressed oops, g1 gc, windows-amd64)
# Problematic frame:
# C  [jSSC-2.8_x86_64.dll+0xb5db]
#
# No core dump will be written. Minidumps are not enabled by default on client versions of Windows
#
# If you would like to submit a bug report, please visit:
#   http://bugreport.java.com/bugreport/crash.jsp
# The crash happened outside the Java Virtual Machine in native code.
# See problematic frame for where to report the bug.
#

---------------  S U M M A R Y ------------

Command Line: -Dfile.encoding=UTF-8 --module-path=D:\Mats Dokument\Java\javafx-sdk-11.0.2\lib --add-modules=javafx.controls,javafx.fxml trimostomachine.TrimosToMachine

Host: Intel(R) Xeon(R) CPU E5-1620 0 @ 3.60GHz, 8 cores, 7G,  Windows 10 , 64 bit Build 18362 (10.0.18362.329)
Time: Mon Nov 11 12:15:26 2019 Västeuropa, normaltid elapsed time: 1 seconds (0d 0h 0m 1s)

---------------  T H R E A D  ---------------

Current thread (0x000002145bbd9800):  JavaThread "JavaFX Application Thread" [_thread_in_native, id=79156, stack(0x00000015da800000,0x00000015da900000)]

Stack: [0x00000015da800000,0x00000015da900000],  sp=0x00000015da8fc4d0,  free space=1009k
Native frames: (J=compiled Java code, j=interpreted, Vv=VM code, C=native code)
C  [jSSC-2.8_x86_64.dll+0xb5db]

Java frames: (J=compiled Java code, j=interpreted, Vv=VM code)
j  jssc.SerialNativeInterface.openPort(Ljava/lang/String;Z)J+0
j  jssc.SerialPort.openPort()Z+65
j  trimostomachine.SerialCommHandler.initSerialComm()V+27
j  trimostomachine.SerialCommHandler.startReader()V+1
j  trimostomachine.TrimosDevice.startTrimosConnection()V+8
j  trimostomachine.TrimosToMachine.start(Ljavafx/stage/Stage;)V+78
j  com.sun.javafx.application.LauncherImpl.lambda$launchApplication1$9(Ljava/util/concurrent/atomic/AtomicBoolean;Ljavafx/application/Application;)V+20 javafx.graphics
j  com.sun.javafx.application.LauncherImpl$$Lambda$105.run()V+8 javafx.graphics
j  com.sun.javafx.application.PlatformImpl.lambda$runAndWait$12(Ljava/lang/Runnable;Ljava/util/concurrent/CountDownLatch;)V+1 javafx.graphics
j  com.sun.javafx.application.PlatformImpl$$Lambda$97.run()V+8 javafx.graphics
j  com.sun.javafx.application.PlatformImpl.lambda$runLater$10(Ljava/lang/Runnable;)Ljava/lang/Void;+1 javafx.graphics
j  com.sun.javafx.application.PlatformImpl$$Lambda$100.run()Ljava/lang/Object;+4 javafx.graphics
v  ~StubRoutines::call_stub
j  java.security.AccessController.doPrivileged(Ljava/security/PrivilegedAction;Ljava/security/AccessControlContext;)Ljava/lang/Object;+0 java.base@11.0.2
j  com.sun.javafx.application.PlatformImpl.lambda$runLater$11(Ljava/lang/Runnable;Ljava/security/AccessControlContext;)V+7 javafx.graphics
j  com.sun.javafx.application.PlatformImpl$$Lambda$99.run()V+8 javafx.graphics
j  com.sun.glass.ui.InvokeLaterDispatcher$Future.run()V+4 javafx.graphics
v  ~StubRoutines::call_stub
j  com.sun.glass.ui.win.WinApplication._runLoop(Ljava/lang/Runnable;)V+0 javafx.graphics
j  com.sun.glass.ui.win.WinApplication.lambda$runLoop$3(ILjava/lang/Runnable;)V+8 javafx.graphics
j  com.sun.glass.ui.win.WinApplication$$Lambda$88.run()V+12 javafx.graphics
j  java.lang.Thread.run()V+11 java.base@11.0.2
v  ~StubRoutines::call_stub

siginfo: EXCEPTION_ACCESS_VIOLATION (0xc0000005), reading address 0x000000005ed34a54


Register to memory mapping:

RIP=0x000000007110b5db jSSC-2.8_x86_64.dll
RAX=0x000000005ed34a54 is an unknown value
RBX=0x00000015da8fc540 is pointing into the stack for thread: 0x000002145bbd9800
RCX=0x00007ffe0f79c2b4 ntdll.dll
RDX=0x0 is NULL
RSP=0x00000015da8fc4d0 is pointing into the stack for thread: 0x000002145bbd9800
RBP=0x00000015da8fc650 is pointing into the stack for thread: 0x000002145bbd9800
RSI=0x000002145bbd9b40 points into unknown readable memory: a0 1c b5 9a fd 7f 00 00
RDI=0x0000000000000ab4 is an unknown value
R8 =0x00000015da8fc3c8 is pointing into the stack for thread: 0x000002145bbd9800
R9 =0x00000015da8fc4c0 is pointing into the stack for thread: 0x000002145bbd9800
R10=0x0 is NULL
R11=0x0000000000000246 is an unknown value
R12=0x00000015da8fc710 is pointing into the stack for thread: 0x000002145bbd9800
R13=0x000002145bc63e90 points into unknown readable memory: 25 00 5a 00 00 00 74 72
R14=0x00000015da8fc600 is pointing into the stack for thread: 0x000002145bbd9800
R15=0x000002145bbd9800 is a thread


Registers:
RAX=0x000000005ed34a54, RBX=0x00000015da8fc540, RCX=0x00007ffe0f79c2b4, RDX=0x0000000000000000
RSP=0x00000015da8fc4d0, RBP=0x00000015da8fc650, RSI=0x000002145bbd9b40, RDI=0x0000000000000ab4
R8 =0x00000015da8fc3c8, R9 =0x00000015da8fc4c0, R10=0x0000000000000000, R11=0x0000000000000246
R12=0x00000015da8fc710, R13=0x000002145bc63e90, R14=0x00000015da8fc600, R15=0x000002145bbd9800
RIP=0x000000007110b5db, EFLAGS=0x0000000000010206

Top of Stack: (sp=0x00000015da8fc4d0)
0x00000015da8fc4d0:   000002145ce81ba0 0000001c0f73fc11
0x00000015da8fc4e0:   000000007110b230 000002145bc63c80
0x00000015da8fc4f0:   00000015da8fc650 0000000000000004
0x00000015da8fc500:   000002145bbd9b40 0000000000000ab4
0x00000015da8fc510:   00000015da8fc650 0000000071112590
0x00000015da8fc520:   000002145bbd9800 00000015da8fc600
0x00000015da8fc530:   000002145bc63e90 00000015da8fc710
0x00000015da8fc540:   000002145bc63e90 00007ffe0f73fc11
0x00000015da8fc550:   00000015da8fc580 0000021439050000
0x00000015da8fc560:   00000015da8fc650 0000000000000000
0x00000015da8fc570:   0000000071113500 0000000071113be8
0x00000015da8fc580:   00000015da8fc5b0 0000000071112641
0x00000015da8fc590:   00000015da8fc520 000002145bbd9b40
0x00000015da8fc5a0:   0000000000000000 0000000000000000
0x00000015da8fc5b0:   00000015da8fc650 0000000071101595
0x00000015da8fc5c0:   000000000000001c 0000021400000000 

Instructions: (pc=0x000000007110b5db)
0x000000007110b5bb:   c5 0f 1f 40 00 55 57 56 53 48 83 ec 28 48 8b 05
0x000000007110b5cb:   39 33 01 00 48 89 cb 48 85 c0 0f 84 c5 00 00 00
0x000000007110b5db:   8b 38 85 ff 0f 88 ab 00 00 00 48 8b 05 1c 33 01
0x000000007110b5eb:   00 48 85 c0 0f 84 bc 00 00 00 8b 30 85 f6 74 57 


Stack slot to memory mapping:
stack at sp + 0 slots: 0x000002145ce81ba0 points into unknown readable memory: 40 11 01 39 14 02 00 00
stack at sp + 1 slots: 0x0000001c0f73fc11 is an unknown value
stack at sp + 2 slots: 0x000000007110b230 jSSC-2.8_x86_64.dll
stack at sp + 3 slots: 0x000002145bc63c80 points into unknown readable memory: a0 1b e8 5c 14 02 00 00
stack at sp + 4 slots: 0x00000015da8fc650 is pointing into the stack for thread: 0x000002145bbd9800
stack at sp + 5 slots: 0x0000000000000004 is an unknown value
stack at sp + 6 slots: 0x000002145bbd9b40 points into unknown readable memory: a0 1c b5 9a fd 7f 00 00
stack at sp + 7 slots: 0x0000000000000ab4 is an unknown value


---------------  P R O C E S S  ---------------

Threads class SMR info:
_java_thread_list=0x000002145bcd66d0, length=18, elements={
0x000002143b214800, 0x0000021459e34800, 0x0000021459e3d000, 0x000002145a7b1800,
0x000002145a7b2800, 0x0000021459e4b000, 0x0000021459e4f000, 0x000002145a765000,
0x000002145a91d800, 0x000002145a977000, 0x000002145a973000, 0x000002145b310800,
0x000002145b528000, 0x000002145b64c000, 0x000002145bbd9800, 0x000002145aeba000,
0x000002145c168000, 0x000002145cd24000
}

Java Threads: ( => current thread )
  0x000002143b214800 JavaThread "main" [_thread_blocked, id=83972, stack(0x00000015d9100000,0x00000015d9200000)]
  0x0000021459e34800 JavaThread "Reference Handler" daemon [_thread_blocked, id=83984, stack(0x00000015d9800000,0x00000015d9900000)]
  0x0000021459e3d000 JavaThread "Finalizer" daemon [_thread_blocked, id=82820, stack(0x00000015d9900000,0x00000015d9a00000)]
  0x000002145a7b1800 JavaThread "Signal Dispatcher" daemon [_thread_blocked, id=71764, stack(0x00000015d9a00000,0x00000015d9b00000)]
  0x000002145a7b2800 JavaThread "Attach Listener" daemon [_thread_blocked, id=84796, stack(0x00000015d9b00000,0x00000015d9c00000)]
  0x0000021459e4b000 JavaThread "C2 CompilerThread0" daemon [_thread_blocked, id=72628, stack(0x00000015d9c00000,0x00000015d9d00000)]
  0x0000021459e4f000 JavaThread "C1 CompilerThread0" daemon [_thread_blocked, id=78172, stack(0x00000015d9d00000,0x00000015d9e00000)]
  0x000002145a765000 JavaThread "Sweeper thread" daemon [_thread_blocked, id=78192, stack(0x00000015d9e00000,0x00000015d9f00000)]
  0x000002145a91d800 JavaThread "Common-Cleaner" daemon [_thread_blocked, id=51056, stack(0x00000015d9f00000,0x00000015da000000)]
  0x000002145a977000 JavaThread "C2 CompilerThread1" daemon [_thread_blocked, id=82328, stack(0x00000015da000000,0x00000015da100000)]
  0x000002145a973000 JavaThread "C2 CompilerThread2" daemon [_thread_blocked, id=82200, stack(0x00000015da100000,0x00000015da200000)]
  0x000002145b310800 JavaThread "Service Thread" daemon [_thread_blocked, id=83096, stack(0x00000015da200000,0x00000015da300000)]
  0x000002145b528000 JavaThread "QuantumRenderer-0" daemon [_thread_blocked, id=83080, stack(0x00000015da400000,0x00000015da500000)]
  0x000002145b64c000 JavaThread "InvokeLaterDispatcher" daemon [_thread_blocked, id=82520, stack(0x00000015da700000,0x00000015da800000)]
=>0x000002145bbd9800 JavaThread "JavaFX Application Thread" [_thread_in_native, id=79156, stack(0x00000015da800000,0x00000015da900000)]
  0x000002145aeba000 JavaThread "JavaFX-Launcher" [_thread_blocked, id=84328, stack(0x00000015db000000,0x00000015db100000)]
  0x000002145c168000 JavaThread "Thread-2" daemon [_thread_in_native, id=41644, stack(0x00000015daf00000,0x00000015db000000)]
  0x000002145cd24000 JavaThread "Thread-3" daemon [_thread_blocked, id=79084, stack(0x00000015db600000,0x00000015db700000)]

Other Threads:
  0x0000021459e10000 VMThread "VM Thread" [stack: 0x00000015d9700000,0x00000015d9800000] [id=83840]
  0x000002145b2b6800 WatcherThread [stack: 0x00000015da300000,0x00000015da400000] [id=59636]
  0x000002143b22c000 GCTaskThread "GC Thread#0" [stack: 0x00000015d9200000,0x00000015d9300000] [id=30352]
  0x000002145b366000 GCTaskThread "GC Thread#1" [stack: 0x00000015db100000,0x00000015db200000] [id=82416]
  0x000002145c262800 GCTaskThread "GC Thread#2" [stack: 0x00000015db200000,0x00000015db300000] [id=83484]
  0x000002145cdaf800 GCTaskThread "GC Thread#3" [stack: 0x00000015db300000,0x00000015db400000] [id=952]
  0x000002145c16f000 GCTaskThread "GC Thread#4" [stack: 0x00000015db400000,0x00000015db500000] [id=78768]
  0x000002145cd26000 GCTaskThread "GC Thread#5" [stack: 0x00000015db500000,0x00000015db600000] [id=78200]
  0x000002143b25c800 ConcurrentGCThread "G1 Main Marker" [stack: 0x00000015d9300000,0x00000015d9400000] [id=76572]
  0x000002143b25e000 ConcurrentGCThread "G1 Conc#0" [stack: 0x00000015d9400000,0x00000015d9500000] [id=79600]
  0x000002143b2ee000 ConcurrentGCThread "G1 Refine#0" [stack: 0x00000015d9500000,0x00000015d9600000] [id=79224]
  0x0000021459c70800 ConcurrentGCThread "G1 Young RemSet Sampling" [stack: 0x00000015d9600000,0x00000015d9700000] [id=83808]

Threads with active compile tasks:

VM state:not at safepoint (normal execution)

VM Mutex/Monitor currently owned by a thread: None

Heap address: 0x0000000081200000, size: 2030 MB, Compressed Oops mode: 32-bit
Narrow klass base: 0x0000000000000000, Narrow klass shift: 3
Compressed class space size: 1073741824 Address: 0x0000000100000000

Heap:
 garbage-first heap   total 131072K, used 28133K [0x0000000081200000, 0x0000000100000000)
  region size 1024K, 27 young (27648K), 3 survivors (3072K)
 Metaspace       used 19365K, capacity 19897K, committed 20096K, reserved 1067008K
  class space    used 2366K, capacity 2603K, committed 2688K, reserved 1048576K
Heap Regions: E=young(eden), S=young(survivor), O=old, HS=humongous(starts), HC=humongous(continues), CS=collection set, F=free, A=archive, TAMS=top-at-mark-start (previous, next)
|   0|0x0000000081200000, 0x0000000081300000, 0x0000000081300000|100%| O|  |TAMS 0x0000000081200000, 0x0000000081200000| Untracked 
|   1|0x0000000081300000, 0x0000000081379600, 0x0000000081400000| 47%| O|  |TAMS 0x0000000081300000, 0x0000000081300000| Untracked 
|   2|0x0000000081400000, 0x0000000081400000, 0x0000000081500000|  0%| F|  |TAMS 0x0000000081400000, 0x0000000081400000| Untracked 
|   3|0x0000000081500000, 0x0000000081500000, 0x0000000081600000|  0%| F|  |TAMS 0x0000000081500000, 0x0000000081500000| Untracked 
|   4|0x0000000081600000, 0x0000000081600000, 0x0000000081700000|  0%| F|  |TAMS 0x0000000081600000, 0x0000000081600000| Untracked 
|   5|0x0000000081700000, 0x0000000081700000, 0x0000000081800000|  0%| F|  |TAMS 0x0000000081700000, 0x0000000081700000| Untracked 
|   6|0x0000000081800000, 0x0000000081800000, 0x0000000081900000|  0%| F|  |TAMS 0x0000000081800000, 0x0000000081800000| Untracked 
|   7|0x0000000081900000, 0x0000000081900000, 0x0000000081a00000|  0%| F|  |TAMS 0x0000000081900000, 0x0000000081900000| Untracked 
|   8|0x0000000081a00000, 0x0000000081a00000, 0x0000000081b00000|  0%| F|  |TAMS 0x0000000081a00000, 0x0000000081a00000| Untracked 
|   9|0x0000000081b00000, 0x0000000081b00000, 0x0000000081c00000|  0%| F|  |TAMS 0x0000000081b00000, 0x0000000081b00000| Untracked 
|  10|0x0000000081c00000, 0x0000000081c00000, 0x0000000081d00000|  0%| F|  |TAMS 0x0000000081c00000, 0x0000000081c00000| Untracked 
|  11|0x0000000081d00000, 0x0000000081d00000, 0x0000000081e00000|  0%| F|  |TAMS 0x0000000081d00000, 0x0000000081d00000| Untracked 
|  12|0x0000000081e00000, 0x0000000081e00000, 0x0000000081f00000|  0%| F|  |TAMS 0x0000000081e00000, 0x0000000081e00000| Untracked 
|  13|0x0000000081f00000, 0x0000000081f00000, 0x0000000082000000|  0%| F|  |TAMS 0x0000000081f00000, 0x0000000081f00000| Untracked 
|  14|0x0000000082000000, 0x0000000082000000, 0x0000000082100000|  0%| F|  |TAMS 0x0000000082000000, 0x0000000082000000| Untracked 
|  15|0x0000000082100000, 0x0000000082100000, 0x0000000082200000|  0%| F|  |TAMS 0x0000000082100000, 0x0000000082100000| Untracked 
|  16|0x0000000082200000, 0x0000000082200000, 0x0000000082300000|  0%| F|  |TAMS 0x0000000082200000, 0x0000000082200000| Untracked 
|  17|0x0000000082300000, 0x0000000082300000, 0x0000000082400000|  0%| F|  |TAMS 0x0000000082300000, 0x0000000082300000| Untracked 
|  18|0x0000000082400000, 0x0000000082400000, 0x0000000082500000|  0%| F|  |TAMS 0x0000000082400000, 0x0000000082400000| Untracked 
|  19|0x0000000082500000, 0x0000000082500000, 0x0000000082600000|  0%| F|  |TAMS 0x0000000082500000, 0x0000000082500000| Untracked 
|  20|0x0000000082600000, 0x0000000082600000, 0x0000000082700000|  0%| F|  |TAMS 0x0000000082600000, 0x0000000082600000| Untracked 
|  21|0x0000000082700000, 0x0000000082700000, 0x0000000082800000|  0%| F|  |TAMS 0x0000000082700000, 0x0000000082700000| Untracked 
|  22|0x0000000082800000, 0x0000000082800000, 0x0000000082900000|  0%| F|  |TAMS 0x0000000082800000, 0x0000000082800000| Untracked 
|  23|0x0000000082900000, 0x0000000082900000, 0x0000000082a00000|  0%| F|  |TAMS 0x0000000082900000, 0x0000000082900000| Untracked 
|  24|0x0000000082a00000, 0x0000000082a00000, 0x0000000082b00000|  0%| F|  |TAMS 0x0000000082a00000, 0x0000000082a00000| Untracked 
|  25|0x0000000082b00000, 0x0000000082b00000, 0x0000000082c00000|  0%| F|  |TAMS 0x0000000082b00000, 0x0000000082b00000| Untracked 
|  26|0x0000000082c00000, 0x0000000082c00000, 0x0000000082d00000|  0%| F|  |TAMS 0x0000000082c00000, 0x0000000082c00000| Untracked 
|  27|0x0000000082d00000, 0x0000000082d00000, 0x0000000082e00000|  0%| F|  |TAMS 0x0000000082d00000, 0x0000000082d00000| Untracked 
|  28|0x0000000082e00000, 0x0000000082e00000, 0x0000000082f00000|  0%| F|  |TAMS 0x0000000082e00000, 0x0000000082e00000| Untracked 
|  29|0x0000000082f00000, 0x0000000082f00000, 0x0000000083000000|  0%| F|  |TAMS 0x0000000082f00000, 0x0000000082f00000| Untracked 
|  30|0x0000000083000000, 0x0000000083000000, 0x0000000083100000|  0%| F|  |TAMS 0x0000000083000000, 0x0000000083000000| Untracked 
|  31|0x0000000083100000, 0x0000000083100000, 0x0000000083200000|  0%| F|  |TAMS 0x0000000083100000, 0x0000000083100000| Untracked 
|  32|0x0000000083200000, 0x0000000083200000, 0x0000000083300000|  0%| F|  |TAMS 0x0000000083200000, 0x0000000083200000| Untracked 
|  33|0x0000000083300000, 0x0000000083300000, 0x0000000083400000|  0%| F|  |TAMS 0x0000000083300000, 0x0000000083300000| Untracked 
|  34|0x0000000083400000, 0x0000000083400000, 0x0000000083500000|  0%| F|  |TAMS 0x0000000083400000, 0x0000000083400000| Untracked 
|  35|0x0000000083500000, 0x0000000083500000, 0x0000000083600000|  0%| F|  |TAMS 0x0000000083500000, 0x0000000083500000| Untracked 
|  36|0x0000000083600000, 0x0000000083600000, 0x0000000083700000|  0%| F|  |TAMS 0x0000000083600000, 0x0000000083600000| Untracked 
|  37|0x0000000083700000, 0x0000000083700000, 0x0000000083800000|  0%| F|  |TAMS 0x0000000083700000, 0x0000000083700000| Untracked 
|  38|0x0000000083800000, 0x0000000083800000, 0x0000000083900000|  0%| F|  |TAMS 0x0000000083800000, 0x0000000083800000| Untracked 
|  39|0x0000000083900000, 0x0000000083900000, 0x0000000083a00000|  0%| F|  |TAMS 0x0000000083900000, 0x0000000083900000| Untracked 
|  40|0x0000000083a00000, 0x0000000083a00000, 0x0000000083b00000|  0%| F|  |TAMS 0x0000000083a00000, 0x0000000083a00000| Untracked 
|  41|0x0000000083b00000, 0x0000000083b00000, 0x0000000083c00000|  0%| F|  |TAMS 0x0000000083b00000, 0x0000000083b00000| Untracked 
|  42|0x0000000083c00000, 0x0000000083c00000, 0x0000000083d00000|  0%| F|  |TAMS 0x0000000083c00000, 0x0000000083c00000| Untracked 
|  43|0x0000000083d00000, 0x0000000083d00000, 0x0000000083e00000|  0%| F|  |TAMS 0x0000000083d00000, 0x0000000083d00000| Untracked 
|  44|0x0000000083e00000, 0x0000000083e00000, 0x0000000083f00000|  0%| F|  |TAMS 0x0000000083e00000, 0x0000000083e00000| Untracked 
|  45|0x0000000083f00000, 0x0000000083f00000, 0x0000000084000000|  0%| F|  |TAMS 0x0000000083f00000, 0x0000000083f00000| Untracked 
|  46|0x0000000084000000, 0x0000000084000000, 0x0000000084100000|  0%| F|  |TAMS 0x0000000084000000, 0x0000000084000000| Untracked 
|  47|0x0000000084100000, 0x0000000084100000, 0x0000000084200000|  0%| F|  |TAMS 0x0000000084100000, 0x0000000084100000| Untracked 
|  48|0x0000000084200000, 0x0000000084200000, 0x0000000084300000|  0%| F|  |TAMS 0x0000000084200000, 0x0000000084200000| Untracked 
|  49|0x0000000084300000, 0x0000000084300000, 0x0000000084400000|  0%| F|  |TAMS 0x0000000084300000, 0x0000000084300000| Untracked 
|  50|0x0000000084400000, 0x0000000084400000, 0x0000000084500000|  0%| F|  |TAMS 0x0000000084400000, 0x0000000084400000| Untracked 
|  51|0x0000000084500000, 0x0000000084500000, 0x0000000084600000|  0%| F|  |TAMS 0x0000000084500000, 0x0000000084500000| Untracked 
|  52|0x0000000084600000, 0x0000000084600000, 0x0000000084700000|  0%| F|  |TAMS 0x0000000084600000, 0x0000000084600000| Untracked 
|  53|0x0000000084700000, 0x0000000084700000, 0x0000000084800000|  0%| F|  |TAMS 0x0000000084700000, 0x0000000084700000| Untracked 
|  54|0x0000000084800000, 0x0000000084800000, 0x0000000084900000|  0%| F|  |TAMS 0x0000000084800000, 0x0000000084800000| Untracked 
|  55|0x0000000084900000, 0x0000000084900000, 0x0000000084a00000|  0%| F|  |TAMS 0x0000000084900000, 0x0000000084900000| Untracked 
|  56|0x0000000084a00000, 0x0000000084a00000, 0x0000000084b00000|  0%| F|  |TAMS 0x0000000084a00000, 0x0000000084a00000| Untracked 
|  57|0x0000000084b00000, 0x0000000084b00000, 0x0000000084c00000|  0%| F|  |TAMS 0x0000000084b00000, 0x0000000084b00000| Untracked 
|  58|0x0000000084c00000, 0x0000000084c00000, 0x0000000084d00000|  0%| F|  |TAMS 0x0000000084c00000, 0x0000000084c00000| Untracked 
|  59|0x0000000084d00000, 0x0000000084d00000, 0x0000000084e00000|  0%| F|  |TAMS 0x0000000084d00000, 0x0000000084d00000| Untracked 
|  60|0x0000000084e00000, 0x0000000084e00000, 0x0000000084f00000|  0%| F|  |TAMS 0x0000000084e00000, 0x0000000084e00000| Untracked 
|  61|0x0000000084f00000, 0x0000000084f00000, 0x0000000085000000|  0%| F|  |TAMS 0x0000000084f00000, 0x0000000084f00000| Untracked 
|  62|0x0000000085000000, 0x0000000085000000, 0x0000000085100000|  0%| F|  |TAMS 0x0000000085000000, 0x0000000085000000| Untracked 
|  63|0x0000000085100000, 0x0000000085100000, 0x0000000085200000|  0%| F|  |TAMS 0x0000000085100000, 0x0000000085100000| Untracked 
|  64|0x0000000085200000, 0x0000000085200000, 0x0000000085300000|  0%| F|  |TAMS 0x0000000085200000, 0x0000000085200000| Untracked 
|  65|0x0000000085300000, 0x0000000085300000, 0x0000000085400000|  0%| F|  |TAMS 0x0000000085300000, 0x0000000085300000| Untracked 
|  66|0x0000000085400000, 0x0000000085400000, 0x0000000085500000|  0%| F|  |TAMS 0x0000000085400000, 0x0000000085400000| Untracked 
|  67|0x0000000085500000, 0x0000000085500000, 0x0000000085600000|  0%| F|  |TAMS 0x0000000085500000, 0x0000000085500000| Untracked 
|  68|0x0000000085600000, 0x0000000085600000, 0x0000000085700000|  0%| F|  |TAMS 0x0000000085600000, 0x0000000085600000| Untracked 
|  69|0x0000000085700000, 0x0000000085700000, 0x0000000085800000|  0%| F|  |TAMS 0x0000000085700000, 0x0000000085700000| Untracked 
|  70|0x0000000085800000, 0x0000000085800000, 0x0000000085900000|  0%| F|  |TAMS 0x0000000085800000, 0x0000000085800000| Untracked 
|  71|0x0000000085900000, 0x0000000085900000, 0x0000000085a00000|  0%| F|  |TAMS 0x0000000085900000, 0x0000000085900000| Untracked 
|  72|0x0000000085a00000, 0x0000000085a00000, 0x0000000085b00000|  0%| F|  |TAMS 0x0000000085a00000, 0x0000000085a00000| Untracked 
|  73|0x0000000085b00000, 0x0000000085b00000, 0x0000000085c00000|  0%| F|  |TAMS 0x0000000085b00000, 0x0000000085b00000| Untracked 
|  74|0x0000000085c00000, 0x0000000085c00000, 0x0000000085d00000|  0%| F|  |TAMS 0x0000000085c00000, 0x0000000085c00000| Untracked 
|  75|0x0000000085d00000, 0x0000000085d00000, 0x0000000085e00000|  0%| F|  |TAMS 0x0000000085d00000, 0x0000000085d00000| Untracked 
|  76|0x0000000085e00000, 0x0000000085e00000, 0x0000000085f00000|  0%| F|  |TAMS 0x0000000085e00000, 0x0000000085e00000| Untracked 
|  77|0x0000000085f00000, 0x0000000085f00000, 0x0000000086000000|  0%| F|  |TAMS 0x0000000085f00000, 0x0000000085f00000| Untracked 
|  78|0x0000000086000000, 0x0000000086000000, 0x0000000086100000|  0%| F|  |TAMS 0x0000000086000000, 0x0000000086000000| Untracked 
|  79|0x0000000086100000, 0x0000000086100000, 0x0000000086200000|  0%| F|  |TAMS 0x0000000086100000, 0x0000000086100000| Untracked 
|  80|0x0000000086200000, 0x0000000086200000, 0x0000000086300000|  0%| F|  |TAMS 0x0000000086200000, 0x0000000086200000| Untracked 
|  81|0x0000000086300000, 0x0000000086300000, 0x0000000086400000|  0%| F|  |TAMS 0x0000000086300000, 0x0000000086300000| Untracked 
|  82|0x0000000086400000, 0x0000000086400000, 0x0000000086500000|  0%| F|  |TAMS 0x0000000086400000, 0x0000000086400000| Untracked 
|  83|0x0000000086500000, 0x0000000086500000, 0x0000000086600000|  0%| F|  |TAMS 0x0000000086500000, 0x0000000086500000| Untracked 
|  84|0x0000000086600000, 0x0000000086600000, 0x0000000086700000|  0%| F|  |TAMS 0x0000000086600000, 0x0000000086600000| Untracked 
|  85|0x0000000086700000, 0x0000000086700000, 0x0000000086800000|  0%| F|  |TAMS 0x0000000086700000, 0x0000000086700000| Untracked 
|  86|0x0000000086800000, 0x0000000086800000, 0x0000000086900000|  0%| F|  |TAMS 0x0000000086800000, 0x0000000086800000| Untracked 
|  87|0x0000000086900000, 0x0000000086900000, 0x0000000086a00000|  0%| F|  |TAMS 0x0000000086900000, 0x0000000086900000| Untracked 
|  88|0x0000000086a00000, 0x0000000086a00000, 0x0000000086b00000|  0%| F|  |TAMS 0x0000000086a00000, 0x0000000086a00000| Untracked 
|  89|0x0000000086b00000, 0x0000000086b00000, 0x0000000086c00000|  0%| F|  |TAMS 0x0000000086b00000, 0x0000000086b00000| Untracked 
|  90|0x0000000086c00000, 0x0000000086c00000, 0x0000000086d00000|  0%| F|  |TAMS 0x0000000086c00000, 0x0000000086c00000| Untracked 
|  91|0x0000000086d00000, 0x0000000086d00000, 0x0000000086e00000|  0%| F|  |TAMS 0x0000000086d00000, 0x0000000086d00000| Untracked 
|  92|0x0000000086e00000, 0x0000000086e00000, 0x0000000086f00000|  0%| F|  |TAMS 0x0000000086e00000, 0x0000000086e00000| Untracked 
|  93|0x0000000086f00000, 0x0000000086f00000, 0x0000000087000000|  0%| F|  |TAMS 0x0000000086f00000, 0x0000000086f00000| Untracked 
|  94|0x0000000087000000, 0x0000000087000000, 0x0000000087100000|  0%| F|  |TAMS 0x0000000087000000, 0x0000000087000000| Untracked 
|  95|0x0000000087100000, 0x0000000087100000, 0x0000000087200000|  0%| F|  |TAMS 0x0000000087100000, 0x0000000087100000| Untracked 
|  96|0x0000000087200000, 0x0000000087200000, 0x0000000087300000|  0%| F|  |TAMS 0x0000000087200000, 0x0000000087200000| Untracked 
|  97|0x0000000087300000, 0x0000000087300000, 0x0000000087400000|  0%| F|  |TAMS 0x0000000087300000, 0x0000000087300000| Untracked 
|  98|0x0000000087400000, 0x0000000087400000, 0x0000000087500000|  0%| F|  |TAMS 0x0000000087400000, 0x0000000087400000| Untracked 
|  99|0x0000000087500000, 0x0000000087500000, 0x0000000087600000|  0%| F|  |TAMS 0x0000000087500000, 0x0000000087500000| Untracked 
| 100|0x0000000087600000, 0x0000000087600000, 0x0000000087700000|  0%| F|  |TAMS 0x0000000087600000, 0x0000000087600000| Untracked 
| 101|0x0000000087700000, 0x0000000087800000, 0x0000000087800000|100%| S|CS|TAMS 0x0000000087700000, 0x0000000087700000| Complete 
| 102|0x0000000087800000, 0x0000000087900000, 0x0000000087900000|100%| S|CS|TAMS 0x0000000087800000, 0x0000000087800000| Complete 
| 103|0x0000000087900000, 0x0000000087a00000, 0x0000000087a00000|100%| S|CS|TAMS 0x0000000087900000, 0x0000000087900000| Complete 
| 104|0x0000000087a00000, 0x0000000087a00800, 0x0000000087b00000|  0%| E|  |TAMS 0x0000000087a00000, 0x0000000087a00000| Complete 
| 105|0x0000000087b00000, 0x0000000087c00000, 0x0000000087c00000|100%| E|CS|TAMS 0x0000000087b00000, 0x0000000087b00000| Complete 
| 106|0x0000000087c00000, 0x0000000087d00000, 0x0000000087d00000|100%| E|CS|TAMS 0x0000000087c00000, 0x0000000087c00000| Complete 
| 107|0x0000000087d00000, 0x0000000087e00000, 0x0000000087e00000|100%| E|CS|TAMS 0x0000000087d00000, 0x0000000087d00000| Complete 
| 108|0x0000000087e00000, 0x0000000087f00000, 0x0000000087f00000|100%| E|CS|TAMS 0x0000000087e00000, 0x0000000087e00000| Complete 
| 109|0x0000000087f00000, 0x0000000088000000, 0x0000000088000000|100%| E|CS|TAMS 0x0000000087f00000, 0x0000000087f00000| Complete 
| 110|0x0000000088000000, 0x0000000088100000, 0x0000000088100000|100%| E|CS|TAMS 0x0000000088000000, 0x0000000088000000| Complete 
| 111|0x0000000088100000, 0x0000000088200000, 0x0000000088200000|100%| E|CS|TAMS 0x0000000088100000, 0x0000000088100000| Complete 
| 112|0x0000000088200000, 0x0000000088300000, 0x0000000088300000|100%| E|CS|TAMS 0x0000000088200000, 0x0000000088200000| Complete 
| 113|0x0000000088300000, 0x0000000088400000, 0x0000000088400000|100%| E|CS|TAMS 0x0000000088300000, 0x0000000088300000| Complete 
| 114|0x0000000088400000, 0x0000000088500000, 0x0000000088500000|100%| E|CS|TAMS 0x0000000088400000, 0x0000000088400000| Complete 
| 115|0x0000000088500000, 0x0000000088600000, 0x0000000088600000|100%| E|CS|TAMS 0x0000000088500000, 0x0000000088500000| Complete 
| 116|0x0000000088600000, 0x0000000088700000, 0x0000000088700000|100%| E|CS|TAMS 0x0000000088600000, 0x0000000088600000| Complete 
| 117|0x0000000088700000, 0x0000000088800000, 0x0000000088800000|100%| E|CS|TAMS 0x0000000088700000, 0x0000000088700000| Complete 
| 118|0x0000000088800000, 0x0000000088900000, 0x0000000088900000|100%| E|CS|TAMS 0x0000000088800000, 0x0000000088800000| Complete 
| 119|0x0000000088900000, 0x0000000088a00000, 0x0000000088a00000|100%| E|CS|TAMS 0x0000000088900000, 0x0000000088900000| Complete 
| 120|0x0000000088a00000, 0x0000000088b00000, 0x0000000088b00000|100%| E|CS|TAMS 0x0000000088a00000, 0x0000000088a00000| Complete 
| 121|0x0000000088b00000, 0x0000000088c00000, 0x0000000088c00000|100%| E|CS|TAMS 0x0000000088b00000, 0x0000000088b00000| Complete 
| 122|0x0000000088c00000, 0x0000000088d00000, 0x0000000088d00000|100%| E|CS|TAMS 0x0000000088c00000, 0x0000000088c00000| Complete 
| 123|0x0000000088d00000, 0x0000000088e00000, 0x0000000088e00000|100%| E|CS|TAMS 0x0000000088d00000, 0x0000000088d00000| Complete 
| 124|0x0000000088e00000, 0x0000000088f00000, 0x0000000088f00000|100%| E|CS|TAMS 0x0000000088e00000, 0x0000000088e00000| Complete 
| 125|0x0000000088f00000, 0x0000000089000000, 0x0000000089000000|100%| E|CS|TAMS 0x0000000088f00000, 0x0000000088f00000| Complete 
| 126|0x0000000089000000, 0x0000000089100000, 0x0000000089100000|100%| E|CS|TAMS 0x0000000089000000, 0x0000000089000000| Complete 
| 127|0x0000000089100000, 0x0000000089200000, 0x0000000089200000|100%| E|CS|TAMS 0x0000000089100000, 0x0000000089100000| Complete 

Card table byte_map: [0x0000021452c60000,0x0000021453060000] _byte_map_base: 0x0000021452857000

Marking Bits (Prev, Next): (CMBitMap*) 0x000002143b253f78, (CMBitMap*) 0x000002143b253fb0
 Prev Bits: [0x0000021453460000, 0x0000021455418000)
 Next Bits: [0x0000021455420000, 0x00000214573d8000)

Polling page: 0x000002143a950000

Metaspace:

Usage:
  Non-class:     16.89 MB capacity,    16.60 MB ( 98%) used,   234.09 KB (  1%) free+waste,    61.25 KB ( <1%) overhead. 
      Class:      2.54 MB capacity,     2.31 MB ( 91%) used,   204.97 KB (  8%) free+waste,    31.56 KB (  1%) overhead. 
       Both:     19.43 MB capacity,    18.91 MB ( 97%) used,   439.06 KB (  2%) free+waste,    92.81 KB ( <1%) overhead. 

Virtual space:
  Non-class space:       18.00 MB reserved,      17.00 MB ( 94%) committed 
      Class space:        1.00 GB reserved,       2.63 MB ( <1%) committed 
             Both:        1.02 GB reserved,      19.63 MB (  2%) committed 

Chunk freelists:
   Non-Class:  6.25 KB
       Class:  2.63 KB
        Both:  8.88 KB

CodeHeap 'non-profiled nmethods': size=120000Kb used=721Kb max_used=721Kb free=119278Kb
 bounds [0x000002144b000000, 0x000002144b270000, 0x0000021452530000]
CodeHeap 'profiled nmethods': size=120000Kb used=3132Kb max_used=3132Kb free=116867Kb
 bounds [0x0000021443ad0000, 0x0000021443de0000, 0x000002144b000000]
CodeHeap 'non-nmethods': size=5760Kb used=1212Kb max_used=1294Kb free=4547Kb
 bounds [0x0000021443530000, 0x00000214437a0000, 0x0000021443ad0000]
 total_blobs=2598 nmethods=1646 adapters=495
 compilation: enabled
              stopped_count=0, restarted_count=0
 full_count=0

Compilation events (10 events):
Event: 1.100 Thread 0x0000021459e4f000 1641       3       java.nio.DirectByteBufferR::<init> (19 bytes)
Event: 1.100 Thread 0x0000021459e4f000 nmethod 1641 0x0000021443ddbd10 code [0x0000021443ddbf00, 0x0000021443ddc3a0]
Event: 1.100 Thread 0x0000021459e4f000 1642       3       java.nio.DirectByteBufferR::slice (81 bytes)
Event: 1.100 Thread 0x0000021459e4f000 nmethod 1642 0x0000021443ddc590 code [0x0000021443ddc760, 0x0000021443ddcab0]
Event: 1.100 Thread 0x0000021459e4f000 1643       3       jdk.internal.jimage.ImageStringsReader::hashCode (31 bytes)
Event: 1.100 Thread 0x0000021459e4f000 nmethod 1643 0x0000021443ddcc10 code [0x0000021443ddce00, 0x0000021443ddd020]
Event: 1.103 Thread 0x0000021459e4b000 1644       4       java.lang.StringBuilder::toString (35 bytes)
Event: 1.106 Thread 0x0000021459e4b000 nmethod 1644 0x000002144b09be90 code [0x000002144b09c040, 0x000002144b09c4b8]
Event: 1.106 Thread 0x0000021459e4f000 1645       3       java.io.WinNTFileSystem::prefixLength (91 bytes)
Event: 1.108 Thread 0x0000021459e4f000 nmethod 1645 0x0000021443ddd110 code [0x0000021443ddd420, 0x0000021443dde780]

GC Heap History (2 events):
Event: 0.680 GC heap before
{Heap before GC invocations=0 (full 0):
 garbage-first heap   total 131072K, used 23552K [0x0000000081200000, 0x0000000100000000)
  region size 1024K, 24 young (24576K), 0 survivors (0K)
 Metaspace       used 12871K, capacity 13279K, committed 13312K, reserved 1060864K
  class space    used 1384K, capacity 1522K, committed 1536K, reserved 1048576K
}
Event: 0.693 GC heap after
{Heap after GC invocations=1 (full 0):
 garbage-first heap   total 131072K, used 4581K [0x0000000081200000, 0x0000000100000000)
  region size 1024K, 3 young (3072K), 3 survivors (3072K)
 Metaspace       used 12871K, capacity 13279K, committed 13312K, reserved 1060864K
  class space    used 1384K, capacity 1522K, committed 1536K, reserved 1048576K
}

Deoptimization events (10 events):
Event: 1.016 Thread 0x000002145bbd9800 Uncommon trap: reason=bimorphic_or_optimized_type_check action=maybe_recompile pc=0x000002144b078270 method=java.util.HashMap.putVal(ILjava/lang/Object;Ljava/lang/Object;ZZ)Ljava/lang/Object; @ 203 c2
Event: 1.016 Thread 0x000002145bbd9800 Uncommon trap: reason=profile_predicate action=maybe_recompile pc=0x000002144b08718c method=java.lang.PublicMethods$MethodList.filter([Ljava/lang/reflect/Method;Ljava/lang/String;[Ljava/lang/Class;Z)Ljava/lang/PublicMethods$MethodList; @ 21 c2
Event: 1.016 Thread 0x000002145bbd9800 Uncommon trap: reason=profile_predicate action=maybe_recompile pc=0x000002144b08718c method=java.lang.PublicMethods$MethodList.filter([Ljava/lang/reflect/Method;Ljava/lang/String;[Ljava/lang/Class;Z)Ljava/lang/PublicMethods$MethodList; @ 21 c2
Event: 1.016 Thread 0x000002145bbd9800 Uncommon trap: reason=profile_predicate action=maybe_recompile pc=0x000002144b08718c method=java.lang.PublicMethods$MethodList.filter([Ljava/lang/reflect/Method;Ljava/lang/String;[Ljava/lang/Class;Z)Ljava/lang/PublicMethods$MethodList; @ 21 c2
Event: 1.016 Thread 0x000002145bbd9800 Uncommon trap: reason=profile_predicate action=maybe_recompile pc=0x000002144b08718c method=java.lang.PublicMethods$MethodList.filter([Ljava/lang/reflect/Method;Ljava/lang/String;[Ljava/lang/Class;Z)Ljava/lang/PublicMethods$MethodList; @ 21 c2
Event: 1.017 Thread 0x000002145bbd9800 Uncommon trap: reason=profile_predicate action=maybe_recompile pc=0x000002144b083348 method=java.lang.PublicMethods$MethodList.filter([Ljava/lang/reflect/Method;Ljava/lang/String;[Ljava/lang/Class;Z)Ljava/lang/PublicMethods$MethodList; @ 17 c2
Event: 1.017 Thread 0x000002145bbd9800 Uncommon trap: reason=unstable_if action=reinterpret pc=0x000002144b058504 method=java.util.concurrent.ConcurrentHashMap.get(Ljava/lang/Object;)Ljava/lang/Object; @ 76 c2
Event: 1.048 Thread 0x000002145bbd9800 Uncommon trap: reason=unstable_if action=reinterpret pc=0x000002144b081900 method=java.util.HashMap.hash(Ljava/lang/Object;)I @ 1 c2
Event: 1.048 Thread 0x000002145bbd9800 Uncommon trap: reason=unstable_if action=reinterpret pc=0x000002144b078310 method=java.util.HashMap.hash(Ljava/lang/Object;)I @ 1 c2
Event: 1.059 Thread 0x000002145bbd9800 Uncommon trap: reason=unstable_if action=reinterpret pc=0x000002144b021bac method=java.util.HashMap.hash(Ljava/lang/Object;)I @ 1 c2

Classes redefined (0 events):
No events

Internal exceptions (10 events):
Event: 0.722 Thread 0x000002145bbd9800 Exception <a 'java/lang/NullPointerException'{0x0000000088fb3cd0}> (0x0000000088fb3cd0) thrown at [t:/workspace/open/src/hotspot/share/prims/jvm.cpp, line 1311]
Event: 0.724 Thread 0x000002145bbd9800 Exception <a 'java/lang/NoSuchMethodError'{0x0000000088fd28b8}: java.lang.invoke.DirectMethodHandle$Holder.invokeSpecial(Ljava/lang/Object;Ljava/lang/Object;Ljava/lang/Object;Ljava/lang/Object;Ljava/lang/Object;)V> (0x0000000088fd28b8) thrown at [t:/works
Event: 0.756 Thread 0x000002145bbd9800 Exception <a 'java/lang/NoSuchMethodError'{0x0000000088c2adf8}: java.lang.invoke.DirectMethodHandle$Holder.invokeStatic(Ljava/lang/Object;Ljava/lang/Object;Ljava/lang/Object;Ljava/lang/Object;Ljava/lang/Object;Ljava/lang/Object;Ljava/lang/Object;Ljava/lan
Event: 0.758 Thread 0x000002145bbd9800 Exception <a 'java/lang/NoSuchMethodError'{0x0000000088c49468}: java.lang.invoke.DirectMethodHandle$Holder.invokeStatic(Ljava/lang/Object;Ljava/lang/Object;Ljava/lang/Object;Ljava/lang/Object;Ljava/lang/Object;Ljava/lang/Object;Ljava/lang/Object;Ljava/lan
Event: 0.760 Thread 0x000002145bbd9800 Exception <a 'java/lang/NoSuchMethodError'{0x0000000088c68498}: java.lang.invoke.DirectMethodHandle$Holder.invokeStatic(Ljava/lang/Object;Ljava/lang/Object;Ljava/lang/Object;Ljava/lang/Object;Ljava/lang/Object;Ljava/lang/Object;Ljava/lang/Object;Ljava/lan
Event: 0.761 Thread 0x000002145bbd9800 Exception <a 'java/lang/NoSuchMethodError'{0x0000000088c89350}: java.lang.invoke.DirectMethodHandle$Holder.invokeStatic(Ljava/lang/Object;Ljava/lang/Object;Ljava/lang/Object;Ljava/lang/Object;Ljava/lang/Object;Ljava/lang/Object;Ljava/lang/Object;Ljava/lan
Event: 0.837 Thread 0x000002145bbd9800 Exception <a 'java/lang/NoSuchMethodError'{0x0000000088771910}: java.lang.invoke.DirectMethodHandle$Holder.invokeStaticInit(Ljava/lang/Object;Ljava/lang/Object;)V> (0x0000000088771910) thrown at [t:/workspace/open/src/hotspot/share/interpreter/linkResolve
Event: 1.048 Thread 0x000002145bbd9800 Implicit null exception at 0x000002144b081715 to 0x000002144b0818ee
Event: 1.048 Thread 0x000002145bbd9800 Implicit null exception at 0x000002144b076ffe to 0x000002144b0782f6
Event: 1.059 Thread 0x000002145bbd9800 Implicit null exception at 0x000002144b021b2f to 0x000002144b021b9d

Events (10 events):
Event: 1.104 loading class jssc/SerialPort
Event: 1.104 loading class jssc/SerialPort done
Event: 1.105 loading class jssc/SerialPortTimeoutException
Event: 1.105 loading class jssc/SerialPortTimeoutException done
Event: 1.105 loading class jssc/SerialPort$EventThread
Event: 1.105 loading class jssc/SerialPort$EventThread done
Event: 1.105 loading class jssc/SerialPort$LinuxEventThread
Event: 1.105 loading class jssc/SerialPort$LinuxEventThread done
Event: 1.106 loading class jssc/SerialNativeInterface
Event: 1.106 loading class jssc/SerialNativeInterface done


Dynamic libraries:
0x00007ff64ed80000 - 0x00007ff64edc5000 	D:\Mats Dokument\Java\jdk-11.0.2\bin\java.exe
0x00007ffe0f700000 - 0x00007ffe0f8f0000 	C:\WINDOWS\SYSTEM32\ntdll.dll
0x00007ffe0ec80000 - 0x00007ffe0ed32000 	C:\WINDOWS\System32\KERNEL32.DLL
0x00007ffe0c6c0000 - 0x00007ffe0c963000 	C:\WINDOWS\System32\KERNELBASE.dll
0x00007ffe0e930000 - 0x00007ffe0eac3000 	C:\WINDOWS\System32\USER32.dll
0x00007ffe0c690000 - 0x00007ffe0c6b1000 	C:\WINDOWS\System32\win32u.dll
0x00007ffe0f500000 - 0x00007ffe0f526000 	C:\WINDOWS\System32\GDI32.dll
0x00007ffe0ce60000 - 0x00007ffe0cff4000 	C:\WINDOWS\System32\gdi32full.dll
0x00007ffe0caf0000 - 0x00007ffe0cb8e000 	C:\WINDOWS\System32\msvcp_win.dll
0x00007ffe0cb90000 - 0x00007ffe0cc8a000 	C:\WINDOWS\System32\ucrtbase.dll
0x00007ffe02490000 - 0x00007ffe02715000 	C:\WINDOWS\WinSxS\amd64_microsoft.windows.common-controls_6595b64144ccf1df_6.0.18362.356_none_e6c4af7d130f27cc\COMCTL32.dll
0x00007ffe0f2f0000 - 0x00007ffe0f38e000 	C:\WINDOWS\System32\msvcrt.dll
0x00007ffe0d860000 - 0x00007ffe0db96000 	C:\WINDOWS\System32\combase.dll
0x00007ffe0f5a0000 - 0x00007ffe0f6c0000 	C:\WINDOWS\System32\RPCRT4.dll
0x00007ffe0cc90000 - 0x00007ffe0cd10000 	C:\WINDOWS\System32\bcryptPrimitives.dll
0x00007ffe0f210000 - 0x00007ffe0f23e000 	C:\WINDOWS\System32\IMM32.DLL
0x00007ffe07c70000 - 0x00007ffe07c86000 	D:\Mats Dokument\Java\jdk-11.0.2\bin\vcruntime140.dll
0x00007ffdf4030000 - 0x00007ffdf40da000 	D:\Mats Dokument\Java\jdk-11.0.2\bin\msvcp140.dll
0x00007ffd9a160000 - 0x00007ffd9ac83000 	D:\Mats Dokument\Java\jdk-11.0.2\bin\server\jvm.dll
0x00007ffe0e670000 - 0x00007ffe0e713000 	C:\WINDOWS\System32\ADVAPI32.dll
0x00007ffe0dba0000 - 0x00007ffe0dc37000 	C:\WINDOWS\System32\sechost.dll
0x00007ffe0dc40000 - 0x00007ffe0dc48000 	C:\WINDOWS\System32\PSAPI.DLL
0x00007ffe01730000 - 0x00007ffe01754000 	C:\WINDOWS\SYSTEM32\WINMM.dll
0x00007ffe05580000 - 0x00007ffe0558a000 	C:\WINDOWS\SYSTEM32\VERSION.dll
0x00007ffe0b870000 - 0x00007ffe0b879000 	C:\WINDOWS\SYSTEM32\WSOCK32.dll
0x00007ffe0e440000 - 0x00007ffe0e4af000 	C:\WINDOWS\System32\WS2_32.dll
0x00007ffe00c50000 - 0x00007ffe00c7d000 	C:\WINDOWS\SYSTEM32\winmmbase.dll
0x00007ffe0ca40000 - 0x00007ffe0ca8a000 	C:\WINDOWS\System32\cfgmgr32.dll
0x00007ffe0c670000 - 0x00007ffe0c681000 	C:\WINDOWS\System32\kernel.appcore.dll
0x00007ffdfbf70000 - 0x00007ffdfbf81000 	D:\Mats Dokument\Java\jdk-11.0.2\bin\verify.dll
0x00007ffe044e0000 - 0x00007ffe046d4000 	C:\WINDOWS\SYSTEM32\DBGHELP.DLL
0x00007ffe044b0000 - 0x00007ffe044da000 	C:\WINDOWS\SYSTEM32\dbgcore.DLL
0x00007ffe071a0000 - 0x00007ffe071c8000 	D:\Mats Dokument\Java\jdk-11.0.2\bin\java.dll
0x00007ffdfbf50000 - 0x00007ffdfbf66000 	D:\Mats Dokument\Java\jdk-11.0.2\bin\zip.dll
0x00007ffe070f0000 - 0x00007ffe070fa000 	D:\Mats Dokument\Java\jdk-11.0.2\bin\jimage.dll
0x00007ffe0dd40000 - 0x00007ffe0e425000 	C:\WINDOWS\System32\SHELL32.dll
0x00007ffe0d7b0000 - 0x00007ffe0d859000 	C:\WINDOWS\System32\shcore.dll
0x00007ffe0d030000 - 0x00007ffe0d7ae000 	C:\WINDOWS\System32\windows.storage.dll
0x00007ffe0c630000 - 0x00007ffe0c64f000 	C:\WINDOWS\System32\profapi.dll
0x00007ffe0c5e0000 - 0x00007ffe0c62a000 	C:\WINDOWS\System32\powrprof.dll
0x00007ffe0c5d0000 - 0x00007ffe0c5e0000 	C:\WINDOWS\System32\UMPDC.dll
0x00007ffe0f1b0000 - 0x00007ffe0f202000 	C:\WINDOWS\System32\shlwapi.dll
0x00007ffe0ca20000 - 0x00007ffe0ca37000 	C:\WINDOWS\System32\cryptsp.dll
0x00007ffdfbf30000 - 0x00007ffdfbf49000 	D:\Mats Dokument\Java\jdk-11.0.2\bin\net.dll
0x00007ffe06650000 - 0x00007ffe06740000 	C:\WINDOWS\SYSTEM32\WINHTTP.dll
0x00007ffdff9a0000 - 0x00007ffdffb76000 	C:\WINDOWS\SYSTEM32\urlmon.dll
0x00007ffe02fc0000 - 0x00007ffe03266000 	C:\WINDOWS\SYSTEM32\iertutil.dll
0x00007ffe0c010000 - 0x00007ffe0c01c000 	C:\WINDOWS\SYSTEM32\CRYPTBASE.DLL
0x00007ffe0be40000 - 0x00007ffe0bea7000 	C:\WINDOWS\system32\mswsock.dll
0x00007ffdfbf10000 - 0x00007ffdfbf23000 	D:\Mats Dokument\Java\jdk-11.0.2\bin\nio.dll
0x000002143a990000 - 0x000002143a993000 	D:\Mats Dokument\Java\javafx-sdk-11.0.2\bin\api-ms-win-core-console-l1-1-0.dll
0x000002143a9a0000 - 0x000002143a9a3000 	D:\Mats Dokument\Java\javafx-sdk-11.0.2\bin\api-ms-win-core-datetime-l1-1-0.dll
0x000002143a9b0000 - 0x000002143a9b3000 	D:\Mats Dokument\Java\javafx-sdk-11.0.2\bin\api-ms-win-core-debug-l1-1-0.dll
0x000002143a9c0000 - 0x000002143a9c3000 	D:\Mats Dokument\Java\javafx-sdk-11.0.2\bin\api-ms-win-core-errorhandling-l1-1-0.dll
0x000002143a9d0000 - 0x000002143a9d4000 	D:\Mats Dokument\Java\javafx-sdk-11.0.2\bin\api-ms-win-core-file-l1-1-0.dll
0x000002143b1b0000 - 0x000002143b1b3000 	D:\Mats Dokument\Java\javafx-sdk-11.0.2\bin\api-ms-win-core-file-l1-2-0.dll
0x000002143b1c0000 - 0x000002143b1c3000 	D:\Mats Dokument\Java\javafx-sdk-11.0.2\bin\api-ms-win-core-file-l2-1-0.dll
0x000002143b1d0000 - 0x000002143b1d3000 	D:\Mats Dokument\Java\javafx-sdk-11.0.2\bin\api-ms-win-core-handle-l1-1-0.dll
0x000002143b1e0000 - 0x000002143b1e3000 	D:\Mats Dokument\Java\javafx-sdk-11.0.2\bin\api-ms-win-core-heap-l1-1-0.dll
0x000002145c330000 - 0x000002145c333000 	D:\Mats Dokument\Java\javafx-sdk-11.0.2\bin\api-ms-win-core-interlocked-l1-1-0.dll
0x000002145c340000 - 0x000002145c343000 	D:\Mats Dokument\Java\javafx-sdk-11.0.2\bin\api-ms-win-core-libraryloader-l1-1-0.dll
0x000002145c350000 - 0x000002145c353000 	D:\Mats Dokument\Java\javafx-sdk-11.0.2\bin\api-ms-win-core-localization-l1-2-0.dll
0x000002145c360000 - 0x000002145c363000 	D:\Mats Dokument\Java\javafx-sdk-11.0.2\bin\api-ms-win-core-memory-l1-1-0.dll
0x000002145c370000 - 0x000002145c373000 	D:\Mats Dokument\Java\javafx-sdk-11.0.2\bin\api-ms-win-core-namedpipe-l1-1-0.dll
0x000002145c380000 - 0x000002145c383000 	D:\Mats Dokument\Java\javafx-sdk-11.0.2\bin\api-ms-win-core-processenvironment-l1-1-0.dll
0x000002145c390000 - 0x000002145c393000 	D:\Mats Dokument\Java\javafx-sdk-11.0.2\bin\api-ms-win-core-processthreads-l1-1-0.dll
0x000002145c3a0000 - 0x000002145c3a3000 	D:\Mats Dokument\Java\javafx-sdk-11.0.2\bin\api-ms-win-core-processthreads-l1-1-1.dll
0x000002145c3b0000 - 0x000002145c3b3000 	D:\Mats Dokument\Java\javafx-sdk-11.0.2\bin\api-ms-win-core-profile-l1-1-0.dll
0x000002145c3c0000 - 0x000002145c3c3000 	D:\Mats Dokument\Java\javafx-sdk-11.0.2\bin\api-ms-win-core-rtlsupport-l1-1-0.dll
0x000002145c3d0000 - 0x000002145c3d3000 	D:\Mats Dokument\Java\javafx-sdk-11.0.2\bin\api-ms-win-core-string-l1-1-0.dll
0x000002145c3e0000 - 0x000002145c3e3000 	D:\Mats Dokument\Java\javafx-sdk-11.0.2\bin\api-ms-win-core-synch-l1-1-0.dll
0x000002145c510000 - 0x000002145c513000 	D:\Mats Dokument\Java\javafx-sdk-11.0.2\bin\api-ms-win-core-synch-l1-2-0.dll
0x000002145c3f0000 - 0x000002145c3f3000 	D:\Mats Dokument\Java\javafx-sdk-11.0.2\bin\api-ms-win-core-sysinfo-l1-1-0.dll
0x000002145c400000 - 0x000002145c403000 	D:\Mats Dokument\Java\javafx-sdk-11.0.2\bin\api-ms-win-core-timezone-l1-1-0.dll
0x000002145c410000 - 0x000002145c413000 	D:\Mats Dokument\Java\javafx-sdk-11.0.2\bin\api-ms-win-core-util-l1-1-0.dll
0x000002145c420000 - 0x000002145c423000 	D:\Mats Dokument\Java\javafx-sdk-11.0.2\bin\api-ms-win-crt-conio-l1-1-0.dll
0x000002145c430000 - 0x000002145c434000 	D:\Mats Dokument\Java\javafx-sdk-11.0.2\bin\api-ms-win-crt-convert-l1-1-0.dll
0x000002145c440000 - 0x000002145c443000 	D:\Mats Dokument\Java\javafx-sdk-11.0.2\bin\api-ms-win-crt-environment-l1-1-0.dll
0x000002145c450000 - 0x000002145c453000 	D:\Mats Dokument\Java\javafx-sdk-11.0.2\bin\api-ms-win-crt-filesystem-l1-1-0.dll
0x000002145c460000 - 0x000002145c463000 	D:\Mats Dokument\Java\javafx-sdk-11.0.2\bin\api-ms-win-crt-heap-l1-1-0.dll
0x000002145c470000 - 0x000002145c473000 	D:\Mats Dokument\Java\javafx-sdk-11.0.2\bin\api-ms-win-crt-locale-l1-1-0.dll
0x000002145c480000 - 0x000002145c485000 	D:\Mats Dokument\Java\javafx-sdk-11.0.2\bin\api-ms-win-crt-math-l1-1-0.dll
0x000002145c490000 - 0x000002145c495000 	D:\Mats Dokument\Java\javafx-sdk-11.0.2\bin\api-ms-win-crt-multibyte-l1-1-0.dll
0x000002145c4a0000 - 0x000002145c4b0000 	D:\Mats Dokument\Java\javafx-sdk-11.0.2\bin\api-ms-win-crt-private-l1-1-0.dll
0x000002145c4b0000 - 0x000002145c4b3000 	D:\Mats Dokument\Java\javafx-sdk-11.0.2\bin\api-ms-win-crt-process-l1-1-0.dll
0x000002145c4c0000 - 0x000002145c4c4000 	D:\Mats Dokument\Java\javafx-sdk-11.0.2\bin\api-ms-win-crt-runtime-l1-1-0.dll
0x000002145c4d0000 - 0x000002145c4d4000 	D:\Mats Dokument\Java\javafx-sdk-11.0.2\bin\api-ms-win-crt-stdio-l1-1-0.dll
0x000002145c4e0000 - 0x000002145c4e4000 	D:\Mats Dokument\Java\javafx-sdk-11.0.2\bin\api-ms-win-crt-string-l1-1-0.dll
0x000002145c4f0000 - 0x000002145c4f3000 	D:\Mats Dokument\Java\javafx-sdk-11.0.2\bin\api-ms-win-crt-time-l1-1-0.dll
0x000002145c500000 - 0x000002145c503000 	D:\Mats Dokument\Java\javafx-sdk-11.0.2\bin\api-ms-win-crt-utility-l1-1-0.dll
0x00007ffdf5780000 - 0x00007ffdf587a000 	D:\Mats Dokument\Java\javafx-sdk-11.0.2\bin\ucrtbase.dll
0x00007ffe06b40000 - 0x00007ffe06b56000 	D:\Mats Dokument\Java\javafx-sdk-11.0.2\bin\vcruntime140.dll
0x00007ffdf5e50000 - 0x00007ffdf5ef6000 	D:\Mats Dokument\Java\javafx-sdk-11.0.2\bin\msvcp140.dll
0x00007ffdf5d30000 - 0x00007ffdf5d81000 	D:\Mats Dokument\Java\javafx-sdk-11.0.2\bin\concrt140.dll
0x00007ffdf5d00000 - 0x00007ffdf5d23000 	D:\Mats Dokument\Java\javafx-sdk-11.0.2\bin\prism_d3d.dll
0x00007ffdf0e80000 - 0x00007ffdf1047000 	C:\WINDOWS\system32\d3d9.dll
0x00007ffe0a800000 - 0x00007ffe0a82d000 	C:\WINDOWS\SYSTEM32\dwmapi.dll
0x00007ffe0acf0000 - 0x00007ffe0ad10000 	C:\WINDOWS\SYSTEM32\dxcore.dll
0x00007ffe0a2d0000 - 0x00007ffe0a369000 	C:\WINDOWS\system32\uxtheme.dll
0x00007ffddb430000 - 0x00007ffddb592000 	C:\WINDOWS\SYSTEM32\aticfx64.dll
0x00007ffdf5980000 - 0x00007ffdf59a1000 	C:\WINDOWS\SYSTEM32\atiu9p64.dll
0x00007ffdf2430000 - 0x00007ffdf2c8b000 	C:\WINDOWS\SYSTEM32\atiumd64.dll
0x000000005d3c0000 - 0x000000005dc45000 	C:\WINDOWS\SYSTEM32\atiumd6a.dll
0x00007ffdf5730000 - 0x00007ffdf5775000 	D:\Mats Dokument\Java\javafx-sdk-11.0.2\bin\glass.dll
0x00007ffe0e720000 - 0x00007ffe0e7f0000 	C:\WINDOWS\System32\COMDLG32.dll
0x00007ffe0e4b0000 - 0x00007ffe0e606000 	C:\WINDOWS\System32\ole32.dll
0x00007ffe0f390000 - 0x00007ffe0f454000 	C:\WINDOWS\System32\OLEAUT32.dll
0x00007ffe0e7f0000 - 0x00007ffe0e925000 	C:\WINDOWS\System32\MSCTF.dll
0x00007ffe06b20000 - 0x00007ffe06b34000 	D:\Mats Dokument\Java\javafx-sdk-11.0.2\bin\javafx_font.dll
0x00007ffdd7460000 - 0x00007ffdd775e000 	C:\WINDOWS\SYSTEM32\dwrite.dll
0x00007ffe071d0000 - 0x00007ffe071d9000 	D:\Mats Dokument\Java\jdk-11.0.2\bin\prefs.dll
0x0000000071100000 - 0x0000000071125000 	C:\Users\mats.andersson\.jssc\windows\jSSC-2.8_x86_64.dll

dbghelp: loaded successfully - version: 4.0.5 - missing functions: none
symbol engine: initialized successfully - sym options: 0x614 - pdb path: .;D:\Mats Dokument\Java\jdk-11.0.2\bin;C:\WINDOWS\SYSTEM32;C:\WINDOWS\WinSxS\amd64_microsoft.windows.common-controls_6595b64144ccf1df_6.0.18362.356_none_e6c4af7d130f27cc;D:\Mats Dokument\Java\jdk-11.0.2\bin\server;D:\Mats Dokument\Java\javafx-sdk-11.0.2\bin;C:\Users\mats.andersson\.jssc\windows

VM Arguments:
jvm_args: -Dfile.encoding=UTF-8 --module-path=D:\Mats Dokument\Java\javafx-sdk-11.0.2\lib --add-modules=javafx.controls,javafx.fxml 
java_command: trimostomachine.TrimosToMachine
java_class_path (initial): D:\Program Files\Java\javafx-sdk-11.0.2\lib\javafx-swt.jar;D:\Program Files\Java\javafx-sdk-11.0.2\lib\javafx.base.jar;D:\Program Files\Java\javafx-sdk-11.0.2\lib\javafx.controls.jar;D:\Program Files\Java\javafx-sdk-11.0.2\lib\javafx.fxml.jar;D:\Program Files\Java\javafx-sdk-11.0.2\lib\javafx.graphics.jar;D:\Program Files\Java\javafx-sdk-11.0.2\lib\javafx.media.jar;D:\Program Files\Java\javafx-sdk-11.0.2\lib\javafx.swing.jar;D:\Program Files\Java\javafx-sdk-11.0.2\lib\javafx.web.jar;D:\Mats Dokument\Java\lib\guava\guava-23.0.jar;D:\Mats Dokument\Java\lib\jSSC-2.8.0-Release\jssc.jar;D:\Mats Dokument\NetbeansProjects\TestFX11\build\classes
Launcher Type: SUN_STANDARD

[Global flags]
     intx CICompilerCount                          = 4                                         {product} {ergonomic}
     uint ConcGCThreads                            = 2                                         {product} {ergonomic}
     uint G1ConcRefinementThreads                  = 8                                         {product} {ergonomic}
   size_t G1HeapRegionSize                         = 1048576                                   {product} {ergonomic}
    uintx GCDrainStackTargetSize                   = 64                                        {product} {ergonomic}
   size_t InitialHeapSize                          = 134217728                                 {product} {ergonomic}
   size_t MarkStackSize                            = 4194304                                   {product} {ergonomic}
   size_t MaxHeapSize                              = 2128609280                                {product} {ergonomic}
   size_t MaxNewSize                               = 1277165568                                {product} {ergonomic}
   size_t MinHeapDeltaBytes                        = 1048576                                   {product} {ergonomic}
    uintx NonNMethodCodeHeapSize                   = 5835340                                {pd product} {ergonomic}
    uintx NonProfiledCodeHeapSize                  = 122911450                              {pd product} {ergonomic}
    uintx ProfiledCodeHeapSize                     = 122911450                              {pd product} {ergonomic}
    uintx ReservedCodeCacheSize                    = 251658240                              {pd product} {ergonomic}
     bool SegmentedCodeCache                       = true                                      {product} {ergonomic}
     bool UseCompressedClassPointers               = true                                 {lp64_product} {ergonomic}
     bool UseCompressedOops                        = true                                 {lp64_product} {ergonomic}
     bool UseG1GC                                  = true                                      {product} {ergonomic}
     bool UseLargePagesIndividualAllocation        = false                                  {pd product} {ergonomic}

Logging:
Log output configuration:
 #0: stdout all=warning uptime,level,tags
 #1: stderr all=off uptime,level,tags

Environment Variables:
JAVA_HOME=D:\Mats Dokument\Java\jdk-11.0.2
PATH=C:\Program Files (x86)\NVIDIA Corporation\PhysX\Common;C:\Program Files (x86)\Common Files\Oracle\Java\javapath;C:\ProgramData\Oracle\Java\javapath;d:\PROGRA~1\Delphi5\Projects\Bpl;d:\PROGRA~1\Delphi5\Bin;c:\Program Files (x86)\AMD APP\bin\x86_64;c:\Program Files (x86)\AMD APP\bin\x86;C:\WINDOWS\system32;C:\WINDOWS;C:\WINDOWS\System32\Wbem;C:\WINDOWS\System32\WindowsPowerShell\v1.0\;C:\Program Files (x86)\Intel\Services\IPT\;c:\Program Files (x86)\ATI Technologies\ATI.ACE\Core-Static;C:\Program Files\Dell\Dell Data Protection\Access\Advanced\Wave\Gemalto\Access Client\v5\;C:\Program Files (x86)\NTRU Cryptosystems\NTRU TCG Software Stack\bin\;C:\Program Files\NTRU Cryptosystems\NTRU TCG Software Stack\bin\;C:\Program Files (x86)\Skype\Phone\;C:\Program Files\Git\cmd;D:\Program Files\nodejs\;C:\WINDOWS\System32\OpenSSH\;C:\Program Files (x86)\Windows Kits\8.1\Windows Performance Toolkit\;C:\Users\mats.andersson\AppData\Local\Microsoft\WindowsApps;
USERNAME=mats.andersson
OS=Windows_NT
PROCESSOR_IDENTIFIER=Intel64 Family 6 Model 45 Stepping 7, GenuineIntel



---------------  S Y S T E M  ---------------

OS: Windows 10 , 64 bit Build 18362 (10.0.18362.329)

CPU:total 8 (initial active 8) (4 cores per cpu, 2 threads per core) family 6 model 45 stepping 7, cmov, cx8, fxsr, mmx, sse, sse2, sse3, ssse3, sse4.1, sse4.2, popcnt, avx, aes, clmul, ht, tsc, tscinvbit, tscinv

Memory: 4k page, system-wide physical 8117M (2233M free)
TotalPageFile size 16309M (AvailPageFile size 6402M)
current process WorkingSet (physical memory assigned to process): 125M, peak: 132M
current process commit charge ("private bytes"): 275M, peak: 282M

vm_info: OpenJDK 64-Bit Server VM (11.0.2+9) for windows-amd64 JRE (11.0.2+9), built on Jan 18 2019 05:23:22 by "mach5one" with MS VC++ 15.5 (VS2017)

END.
